<?xml version="1.0" encoding="UTF-8" standalone="no"?>
<testsuite failures="1" name="cucumber.runtime.formatter.JUnitFormatter" skipped="0" tests="1" time="15.926413">
<testcase classname="FreeCRM_Application Test" name="Validate FreeCrm home page Test" time="15.926413">
<failure message="org.openqa.selenium.NoSuchElementException: Unable to locate element: {&quot;method&quot;:&quot;xpath&quot;,&quot;selector&quot;:&quot;//input[@placeholder='Username']&quot;}&#10;Command duration or timeout: 26 milliseconds&#10;For documentation on this error, please visit: http://seleniumhq.org/exceptions/no_such_element.html&#10;Build info: version: '2.53.0', revision: '35ae25b1534ae328c771e0856c93e187490ca824', time: '2016-03-15 10:43:46'&#10;System info: host: 'Baburao-PC', ip: '192.168.74.1', os.name: 'Windows 7', os.arch: 'amd64', os.version: '6.1', java.version: '1.8.0_144'&#10;Driver info: org.openqa.selenium.firefox.FirefoxDriver&#10;Capabilities [{applicationCacheEnabled=true, rotatable=false, handlesAlerts=true, databaseEnabled=true, version=46.0, platform=WINDOWS, nativeEvents=false, acceptSslCerts=true, webStorageEnabled=true, locationContextEnabled=true, browserName=firefox, takesScreenshot=true, javascriptEnabled=true, cssSelectorsEnabled=true}]&#10;Session ID: 52ba5c94-af45-40c3-9987-6e5de5e39047&#10;*** Element info: {Using=xpath, value=//input[@placeholder='Username']}&#13;&#10;&#9;at sun.reflect.NativeConstructorAccessorImpl.newInstance0(Native Method)&#13;&#10;&#9;at sun.reflect.NativeConstructorAccessorImpl.newInstance(NativeConstructorAccessorImpl.java:62)&#13;&#10;&#9;at sun.reflect.DelegatingConstructorAccessorImpl.newInstance(DelegatingConstructorAccessorImpl.java:45)&#13;&#10;&#9;at java.lang.reflect.Constructor.newInstance(Constructor.java:423)&#13;&#10;&#9;at org.openqa.selenium.remote.ErrorHandler.createThrowable(ErrorHandler.java:206)&#13;&#10;&#9;at org.openqa.selenium.remote.ErrorHandler.throwIfResponseFailed(ErrorHandler.java:158)&#13;&#10;&#9;at org.openqa.selenium.remote.RemoteWebDriver.execute(RemoteWebDriver.java:678)&#13;&#10;&#9;at org.openqa.selenium.remote.RemoteWebDriver.findElement(RemoteWebDriver.java:363)&#13;&#10;&#9;at org.openqa.selenium.remote.RemoteWebDriver.findElementByXPath(RemoteWebDriver.java:500)&#13;&#10;&#9;at org.openqa.selenium.By$ByXPath.findElement(By.java:361)&#13;&#10;&#9;at org.openqa.selenium.remote.RemoteWebDriver.findElement(RemoteWebDriver.java:355)&#13;&#10;&#9;at com.qa.pages.LoginPage.Username(LoginPage.java:24)&#13;&#10;&#9;at com.qa.stepDefination.HomePageSteps.user_is_enter_username_and_password(HomePageSteps.java:21)&#13;&#10;&#9;at ✽.Then user is enter username and password(C:/Users/Baburao/workspace/com.cucumber.selenium/freecrmBDDFramework/src/main/java/com/qa/feature/freeCRM.feature:5)&#13;&#10;Caused by: org.openqa.selenium.NoSuchElementException: Unable to locate element: {&quot;method&quot;:&quot;xpath&quot;,&quot;selector&quot;:&quot;//input[@placeholder='Username']&quot;}&#10;For documentation on this error, please visit: http://seleniumhq.org/exceptions/no_such_element.html&#10;Build info: version: '2.53.0', revision: '35ae25b1534ae328c771e0856c93e187490ca824', time: '2016-03-15 10:43:46'&#10;System info: host: 'Baburao-PC', ip: '192.168.74.1', os.name: 'Windows 7', os.arch: 'amd64', os.version: '6.1', java.version: '1.8.0_144'&#10;Driver info: driver.version: unknown&#13;&#10;&#9;at &lt;anonymous class&gt;.FirefoxDriver.prototype.findElementInternal_(file:///C:/Users/Baburao/AppData/Local/Temp/anonymous8077965806638243326webdriver-profile/extensions/fxdriver@googlecode.com/components/driver-component.js:10770)&#13;&#10;&#9;at &lt;anonymous class&gt;.FirefoxDriver.prototype.findElement(file:///C:/Users/Baburao/AppData/Local/Temp/anonymous8077965806638243326webdriver-profile/extensions/fxdriver@googlecode.com/components/driver-component.js:10779)&#13;&#10;&#9;at &lt;anonymous class&gt;.DelayedCommand.prototype.executeInternal_/h(file:///C:/Users/Baburao/AppData/Local/Temp/anonymous8077965806638243326webdriver-profile/extensions/fxdriver@googlecode.com/components/command-processor.js:12661)&#13;&#10;&#9;at &lt;anonymous class&gt;.DelayedCommand.prototype.executeInternal_(file:///C:/Users/Baburao/AppData/Local/Temp/anonymous8077965806638243326webdriver-profile/extensions/fxdriver@googlecode.com/components/command-processor.js:12666)&#13;&#10;&#9;at &lt;anonymous class&gt;.DelayedCommand.prototype.execute/&lt;(file:///C:/Users/Baburao/AppData/Local/Temp/anonymous8077965806638243326webdriver-profile/extensions/fxdriver@googlecode.com/components/command-processor.js:12608)&#13;&#10;"><![CDATA[Given user is open browser..................................................passed
Then user is enter username and password....................................failed
Then home page tilte validates..............................................skipped
Then user clicking the logout...............................................skipped
Then user close the browser.................................................skipped

StackTrace:
org.openqa.selenium.NoSuchElementException: Unable to locate element: {"method":"xpath","selector":"//input[@placeholder='Username']"}
Command duration or timeout: 26 milliseconds
For documentation on this error, please visit: http://seleniumhq.org/exceptions/no_such_element.html
Build info: version: '2.53.0', revision: '35ae25b1534ae328c771e0856c93e187490ca824', time: '2016-03-15 10:43:46'
System info: host: 'Baburao-PC', ip: '192.168.74.1', os.name: 'Windows 7', os.arch: 'amd64', os.version: '6.1', java.version: '1.8.0_144'
Driver info: org.openqa.selenium.firefox.FirefoxDriver
Capabilities [{applicationCacheEnabled=true, rotatable=false, handlesAlerts=true, databaseEnabled=true, version=46.0, platform=WINDOWS, nativeEvents=false, acceptSslCerts=true, webStorageEnabled=true, locationContextEnabled=true, browserName=firefox, takesScreenshot=true, javascriptEnabled=true, cssSelectorsEnabled=true}]
Session ID: 52ba5c94-af45-40c3-9987-6e5de5e39047
*** Element info: {Using=xpath, value=//input[@placeholder='Username']}
	at sun.reflect.NativeConstructorAccessorImpl.newInstance0(Native Method)
	at sun.reflect.NativeConstructorAccessorImpl.newInstance(NativeConstructorAccessorImpl.java:62)
	at sun.reflect.DelegatingConstructorAccessorImpl.newInstance(DelegatingConstructorAccessorImpl.java:45)
	at java.lang.reflect.Constructor.newInstance(Constructor.java:423)
	at org.openqa.selenium.remote.ErrorHandler.createThrowable(ErrorHandler.java:206)
	at org.openqa.selenium.remote.ErrorHandler.throwIfResponseFailed(ErrorHandler.java:158)
	at org.openqa.selenium.remote.RemoteWebDriver.execute(RemoteWebDriver.java:678)
	at org.openqa.selenium.remote.RemoteWebDriver.findElement(RemoteWebDriver.java:363)
	at org.openqa.selenium.remote.RemoteWebDriver.findElementByXPath(RemoteWebDriver.java:500)
	at org.openqa.selenium.By$ByXPath.findElement(By.java:361)
	at org.openqa.selenium.remote.RemoteWebDriver.findElement(RemoteWebDriver.java:355)
	at com.qa.pages.LoginPage.Username(LoginPage.java:24)
	at com.qa.stepDefination.HomePageSteps.user_is_enter_username_and_password(HomePageSteps.java:21)
	at ✽.Then user is enter username and password(C:/Users/Baburao/workspace/com.cucumber.selenium/freecrmBDDFramework/src/main/java/com/qa/feature/freeCRM.feature:5)
Caused by: org.openqa.selenium.NoSuchElementException: Unable to locate element: {"method":"xpath","selector":"//input[@placeholder='Username']"}
For documentation on this error, please visit: http://seleniumhq.org/exceptions/no_such_element.html
Build info: version: '2.53.0', revision: '35ae25b1534ae328c771e0856c93e187490ca824', time: '2016-03-15 10:43:46'
System info: host: 'Baburao-PC', ip: '192.168.74.1', os.name: 'Windows 7', os.arch: 'amd64', os.version: '6.1', java.version: '1.8.0_144'
Driver info: driver.version: unknown
	at <anonymous class>.FirefoxDriver.prototype.findElementInternal_(file:///C:/Users/Baburao/AppData/Local/Temp/anonymous8077965806638243326webdriver-profile/extensions/fxdriver@googlecode.com/components/driver-component.js:10770)
	at <anonymous class>.FirefoxDriver.prototype.findElement(file:///C:/Users/Baburao/AppData/Local/Temp/anonymous8077965806638243326webdriver-profile/extensions/fxdriver@googlecode.com/components/driver-component.js:10779)
	at <anonymous class>.DelayedCommand.prototype.executeInternal_/h(file:///C:/Users/Baburao/AppData/Local/Temp/anonymous8077965806638243326webdriver-profile/extensions/fxdriver@googlecode.com/components/command-processor.js:12661)
	at <anonymous class>.DelayedCommand.prototype.executeInternal_(file:///C:/Users/Baburao/AppData/Local/Temp/anonymous8077965806638243326webdriver-profile/extensions/fxdriver@googlecode.com/components/command-processor.js:12666)
	at <anonymous class>.DelayedCommand.prototype.execute/<(file:///C:/Users/Baburao/AppData/Local/Temp/anonymous8077965806638243326webdriver-profile/extensions/fxdriver@googlecode.com/components/command-processor.js:12608)
]]></failure>
</testcase>
</testsuite>
